c:\users\bob\desktop\passwordrecovery\inicio de sesion ad pr\inicio de sesion ad pr\customcp\customcp\passwordresetcredentialprovider\x64\release\vc142.pdb
c:\users\bob\desktop\passwordrecovery\inicio de sesion ad pr\inicio de sesion ad pr\customcp\customcp\passwordresetcredentialprovider\x64\release\passwordresetprovider.obj
c:\users\bob\desktop\passwordrecovery\inicio de sesion ad pr\inicio de sesion ad pr\customcp\customcp\passwordresetcredentialprovider\x64\release\passwordresetcredential.obj
c:\users\bob\desktop\passwordrecovery\inicio de sesion ad pr\inicio de sesion ad pr\customcp\customcp\passwordresetcredentialprovider\x64\release\helpers.obj
c:\users\bob\desktop\passwordrecovery\inicio de sesion ad pr\inicio de sesion ad pr\customcp\customcp\passwordresetcredentialprovider\x64\release\guid.obj
c:\users\bob\desktop\passwordrecovery\inicio de sesion ad pr\inicio de sesion ad pr\customcp\customcp\passwordresetcredentialprovider\x64\release\dll.obj
c:\users\bob\desktop\passwordrecovery\inicio de sesion ad pr\inicio de sesion ad pr\customcp\customcp\x64\release\passwordresetcredentialprovider.dll
c:\users\bob\desktop\passwordrecovery\inicio de sesion ad pr\inicio de sesion ad pr\customcp\customcp\x64\release\passwordresetcredentialprovider.pdb
c:\users\bob\desktop\passwordrecovery\inicio de sesion ad pr\inicio de sesion ad pr\customcp\customcp\x64\release\passwordresetcredentialprovider.lib
c:\users\bob\desktop\passwordrecovery\inicio de sesion ad pr\inicio de sesion ad pr\customcp\customcp\x64\release\passwordresetcredentialprovider.exp
c:\users\bob\desktop\passwordrecovery\inicio de sesion ad pr\inicio de sesion ad pr\customcp\customcp\x64\release\passwordresetcredentialprovider.ipdb
c:\users\bob\desktop\passwordrecovery\inicio de sesion ad pr\inicio de sesion ad pr\customcp\customcp\x64\release\passwordresetcredentialprovider.iobj
c:\users\bob\desktop\passwordrecovery\inicio de sesion ad pr\inicio de sesion ad pr\customcp\customcp\passwordresetcredentialprovider\x64\release\resources.res
c:\users\bob\desktop\passwordrecovery\inicio de sesion ad pr\inicio de sesion ad pr\customcp\customcp\passwordresetcredentialprovider\x64\release\password.dd093e4d.tlog\cl.command.1.tlog
c:\users\bob\desktop\passwordrecovery\inicio de sesion ad pr\inicio de sesion ad pr\customcp\customcp\passwordresetcredentialprovider\x64\release\password.dd093e4d.tlog\cl.read.1.tlog
c:\users\bob\desktop\passwordrecovery\inicio de sesion ad pr\inicio de sesion ad pr\customcp\customcp\passwordresetcredentialprovider\x64\release\password.dd093e4d.tlog\cl.write.1.tlog
c:\users\bob\desktop\passwordrecovery\inicio de sesion ad pr\inicio de sesion ad pr\customcp\customcp\passwordresetcredentialprovider\x64\release\password.dd093e4d.tlog\link.command.1.tlog
c:\users\bob\desktop\passwordrecovery\inicio de sesion ad pr\inicio de sesion ad pr\customcp\customcp\passwordresetcredentialprovider\x64\release\password.dd093e4d.tlog\link.read.1.tlog
c:\users\bob\desktop\passwordrecovery\inicio de sesion ad pr\inicio de sesion ad pr\customcp\customcp\passwordresetcredentialprovider\x64\release\password.dd093e4d.tlog\link.write.1.tlog
c:\users\bob\desktop\passwordrecovery\inicio de sesion ad pr\inicio de sesion ad pr\customcp\customcp\passwordresetcredentialprovider\x64\release\password.dd093e4d.tlog\passwordresetcredentialprovider.write.1u.tlog
c:\users\bob\desktop\passwordrecovery\inicio de sesion ad pr\inicio de sesion ad pr\customcp\customcp\passwordresetcredentialprovider\x64\release\password.dd093e4d.tlog\rc.command.1.tlog
c:\users\bob\desktop\passwordrecovery\inicio de sesion ad pr\inicio de sesion ad pr\customcp\customcp\passwordresetcredentialprovider\x64\release\password.dd093e4d.tlog\rc.read.1.tlog
c:\users\bob\desktop\passwordrecovery\inicio de sesion ad pr\inicio de sesion ad pr\customcp\customcp\passwordresetcredentialprovider\x64\release\password.dd093e4d.tlog\rc.write.1.tlog
